2017-10-26T17:33:10.925Z gen: 100 species: [49 @ 38.67%]
min: 0.00%, stddev: 0.115, mean: 38.67%, median: 46.44%, max: 50.07% id: ___171 __15I,__4Nx___7C 2/4, best: 27.26% id: ___151 __10I,__3Nx___4C 1/4
2017-10-26T17:33:19.312Z gen: 200 species: [49 @ 41.66%]
min: 0.00%, stddev: 0.113, mean: 41.66%, median: 47.69%, max: 51.30% id: ___437 __40I,__5Nx__20C 2/4, best: 27.91% id: ___345 __26I,__4Nx__10C 1/4
2017-10-26T17:33:28.450Z gen: 300 species: [49 @ 37.09%]
min: 0.00%, stddev: 0.119, mean: 37.09%, median: 28.00%, max: 51.11% id: ___555 __42I,__4Nx__21C 2/4, best: 27.48% id: ___549 __40I,__5Nx__24C 1/4
2017-10-26T17:33:37.804Z gen: 400 species: [49 @ 42.67%]
min: 0.00%, stddev: 0.115, mean: 42.67%, median: 48.79%, max: 51.16% id: ___755 __59I,__5Nx__47C 2/4, best: 27.29% id: ___749 __56I,__5Nx__41C 1/4
2017-10-26T17:33:47.352Z gen: 500 species: [49 @ 43.50%]
min: 0.00%, stddev: 0.113, mean: 43.50%, median: 48.83%, max: 51.36% id: __1035 __78I,__5Nx__59C 2/4, best: 47.74% id: ___945 __73I,__5Nx__58C 2/4
2017-10-26T17:33:57.594Z gen: 600 species: [7 @ 36.63%, 38 @ 37.83%]
min: 0.00%, stddev: 0.123, mean: 37.64%, median: 28.07%, max: 51.47% id: __1243 _103I,__7Nx__81C 2/4, best: 27.02% id: __1234 _101I,__7Nx__79C 1/4
2017-10-26T17:34:11.772Z gen: 700 species: [1 @ 0.00%, 2 @ 0.00%, 14 @ 26.22%, 11 @ 40.45%, 8 @ 35.25%, 1 @ 46.77%]
min: 0.00%, stddev: 0.126, mean: 29.25%, median: 46.64%, max: 51.54% id: __1796 _126I,__7Nx__82C 2/4, best: 26.87% id: __1656 _115I,__8Nx__87C 1/4
2017-10-26T17:34:46.190Z gen: 800 species: [27 @ 36.18%, 2 @ 49.79%]
min: 27.09%, stddev: 0.106, mean: 37.11%, median: 27.86%, max: 51.44% id: __2844 _338I,__8Nx__88C 2/4, best: 25.79% id: __2183 _181I,_11Nx__97C 1/4
2017-10-26T17:35:46.707Z gen: 900 species: [27 @ 41.45%, 1 @ 50.86%]
min: 26.92%, stddev: 0.108, mean: 41.79%, median: 48.71%, max: 51.30% id: __3993 _302I,_12Nx_121C 2/4, best: 25.79% id: __2183 _181I,_11Nx__97C 1/4
2017-10-26T17:37:23.645Z gen: 1000 species: [1 @ 27.64%, 1 @ 26.78%, 2 @ 47.94%, 1 @ 50.30%, 1 @ 50.35%, 2 @ 37.33%]
min: 26.78%, stddev: 0.103, mean: 40.70%, median: 47.21%, max: 50.35% id: __5440 _243I,_11Nx_101C 2/4, best: 25.79% id: __2183 _181I,_11Nx__97C 1/4
